<?xml version="1.0" encoding="UTF-8"?>
<!-- Generated by org.testng.reporters.JUnitXMLReporter -->
<testsuite ignored="0" hostname="DESKTOP-928EH6B" failures="0" tests="4" name="Default test" time="162.552" errors="0" timestamp="2022-03-23T14:10:36 EDT">
  <testcase classname="com.testscenarios.JRI_TS002_Signin" name="TC_006" time="0.01"/>
  <testcase classname="com.testscenarios.JRI_TS002_Signin" name="TC_007_008" time="16.732"/>
  <testcase classname="com.testscenarios.JRI_TS002_Signin" name="TC_009" time="25.828"/>
  <testcase classname="com.testscenarios.JRI_TS002_Signin" name="TC_010" time="112.042"/>
</testsuite> <!-- Default test -->
