<?xml version="1.0" encoding="UTF-8"?>
<testng-results ignored="0" total="1" passed="1" failed="0" skipped="0">
  <reporter-output>
  </reporter-output>
  <suite started-at="2022-03-07T10:21:32 EST" name="Default suite" finished-at="2022-03-07T10:21:49 EST" duration-ms="17028">
    <groups>
    </groups>
    <test started-at="2022-03-07T10:21:32 EST" name="Default test" finished-at="2022-03-07T10:21:49 EST" duration-ms="17028">
      <class name="com.testscenarios.Facebooklogin">
        <test-method signature="f()[pri:0, instance:com.testscenarios.Facebooklogin@5acf93bb]" started-at="2022-03-07T10:21:32 EST" name="f" finished-at="2022-03-07T10:21:49 EST" duration-ms="16944" status="PASS">
          <reporter-output>
          </reporter-output>
        </test-method> <!-- f -->
      </class> <!-- com.testscenarios.Facebooklogin -->
    </test> <!-- Default test -->
  </suite> <!-- Default suite -->
</testng-results>
