<?xml version="1.0" encoding="UTF-8"?>
<testng-results ignored="0" total="2" passed="2" failed="0" skipped="0">
  <reporter-output>
  </reporter-output>
  <suite started-at="2022-03-15T10:41:00 EDT" name="Default suite" finished-at="2022-03-15T10:42:02 EDT" duration-ms="61560">
    <groups>
    </groups>
    <test started-at="2022-03-15T10:41:00 EDT" name="Default test" finished-at="2022-03-15T10:42:02 EDT" duration-ms="61560">
      <class name="com.testscenarios.JRI_TS001_Createuseraccount">
        <test-method is-config="true" signature="beforeClass()[pri:0, instance:com.testscenarios.JRI_TS001_Createuseraccount@2a265ea9]" started-at="2022-03-15T10:41:01 EDT" name="beforeClass" finished-at="2022-03-15T10:41:07 EDT" duration-ms="6828" status="PASS">
          <reporter-output>
          </reporter-output>
        </test-method> <!-- beforeClass -->
        <test-method signature="TC_004()[pri:0, instance:com.testscenarios.JRI_TS001_Createuseraccount@2a265ea9]" started-at="2022-03-15T10:41:07 EDT" name="TC_004" finished-at="2022-03-15T10:41:46 EDT" duration-ms="39097" status="PASS">
          <reporter-output>
          </reporter-output>
        </test-method> <!-- TC_004 -->
        <test-method is-config="true" signature="screenshot()[pri:0, instance:com.testscenarios.JRI_TS001_Createuseraccount@2a265ea9]" started-at="2022-03-15T10:41:47 EDT" name="screenshot" finished-at="2022-03-15T10:41:47 EDT" duration-ms="869" status="PASS">
          <reporter-output>
          </reporter-output>
        </test-method> <!-- screenshot -->
        <test-method signature="TC_005()[pri:0, instance:com.testscenarios.JRI_TS001_Createuseraccount@2a265ea9]" started-at="2022-03-15T10:41:47 EDT" name="TC_005" finished-at="2022-03-15T10:42:01 EDT" duration-ms="13170" status="PASS">
          <reporter-output>
          </reporter-output>
        </test-method> <!-- TC_005 -->
        <test-method is-config="true" signature="screenshot()[pri:0, instance:com.testscenarios.JRI_TS001_Createuseraccount@2a265ea9]" started-at="2022-03-15T10:42:01 EDT" name="screenshot" finished-at="2022-03-15T10:42:02 EDT" duration-ms="1146" status="PASS">
          <reporter-output>
          </reporter-output>
        </test-method> <!-- screenshot -->
        <test-method is-config="true" signature="afterClass()[pri:0, instance:com.testscenarios.JRI_TS001_Createuseraccount@2a265ea9]" started-at="2022-03-15T10:42:02 EDT" name="afterClass" finished-at="2022-03-15T10:42:02 EDT" duration-ms="367" status="PASS">
          <reporter-output>
          </reporter-output>
        </test-method> <!-- afterClass -->
      </class> <!-- com.testscenarios.JRI_TS001_Createuseraccount -->
    </test> <!-- Default test -->
  </suite> <!-- Default suite -->
</testng-results>
